<?xml version="1.0" encoding="UTF-8"?>
<!-- Generated by org.testng.reporters.JUnitReportReporter -->
<testsuite hostname="DESKTOP-NM4SLRB" name="getRequest.Put" tests="1" failures="0" timestamp="14 Jun 2018 17:48:46 GMT" time="1.963" errors="0">
  <testcase name="test1" time="1.963" classname="getRequest.Put"/>
</testsuite> <!-- getRequest.Put -->
