<?xml version="1.0" encoding="UTF-8"?>
<!-- Generated by org.testng.reporters.JUnitReportReporter -->
<testsuite skipped="0" hostname="DESKTOP-NM4SLRB" name="com.test.testScripts.TestCaseGet" tests="1" failures="0" timestamp="24 Jun 2018 19:20:37 GMT" time="4.680" errors="0">
  <testcase name="test" time="4.680" classname="com.test.testScripts.TestCaseGet"/>
</testsuite> <!-- com.test.testScripts.TestCaseGet -->
