<?xml version="1.0" encoding="UTF-8"?>
<!-- Generated by org.testng.reporters.JUnitReportReporter -->
<testsuite skipped="0" hostname="DESKTOP-NM4SLRB" name="getRequest.getData" tests="2" failures="0" timestamp="24 Jun 2018 10:15:09 GMT" time="4.310" errors="0">
  <testcase name="testBody" time="4.133" classname="getRequest.getData"/>
  <testcase name="testResponsecode" time="0.177" classname="getRequest.getData"/>
</testsuite> <!-- getRequest.getData -->
