<?xml version="1.0" encoding="UTF-8"?>
<!-- Generated by org.testng.reporters.JUnitReportReporter -->
<testsuite hostname="DESKTOP-NM4SLRB" name="getRequest.PostDeletePut" tests="1" failures="0" timestamp="14 Jun 2018 17:32:04 GMT" time="2.575" errors="0">
  <testcase name="test1" time="2.575" classname="getRequest.PostDeletePut"/>
</testsuite> <!-- getRequest.PostDeletePut -->
