<?xml version="1.0" encoding="UTF-8"?>
<!-- Generated by org.testng.reporters.JUnitReportReporter -->
<testsuite skipped="0" hostname="DESKTOP-NM4SLRB" name="rest.service.Service" tests="1" failures="0" timestamp="24 Jun 2018 18:05:23 GMT" time="4.617" errors="0">
  <testcase name="test" time="4.617" classname="rest.service.Service"/>
</testsuite> <!-- rest.service.Service -->
