<?xml version="1.0" encoding="UTF-8"?>
<!-- Generated by org.testng.reporters.JUnitReportReporter -->
<testsuite skipped="0" hostname="DESKTOP-NM4SLRB" name="com.test.testScripts.Class1" tests="1" failures="0" timestamp="18 Jun 2018 17:18:45 GMT" time="37.698" errors="0">
  <testcase name="test" time="37.698" classname="com.test.testScripts.Class1"/>
</testsuite> <!-- com.test.testScripts.Class1 -->
